<?xml version="1.0" encoding="UTF-8"?>
<testsuite xmlns:xsi="http://www.w3.org/2001/XMLSchema-instance" xsi:noNamespaceSchemaLocation="https://maven.apache.org/surefire/maven-surefire-plugin/xsd/surefire-test-report-3.0.xsd" version="3.0" name="editor.SelectionImplTest" time="0.013" tests="15" errors="0" skipped="0" failures="0">
  <properties>
[...]
</properties>
  <testcase name="getBufferEndIndex" classname="editor.SelectionImplTest" time="0"/>
  <testcase name="setEndIndex1" classname="editor.SelectionImplTest" time="0"/>
  <testcase name="setEndIndex2" classname="editor.SelectionImplTest" time="0"/>
  <testcase name="setEndIndex3" classname="editor.SelectionImplTest" time="0.001"/>
  <testcase name="beginIndexShouldBeGreaterThan0" classname="editor.SelectionImplTest" time="0.001"/>
  <testcase name="getEndIndex" classname="editor.SelectionImplTest" time="0.001"/>
  <testcase name="getBuffer" classname="editor.SelectionImplTest" time="0"/>
  <testcase name="getBufferBeginIndex" classname="editor.SelectionImplTest" time="0"/>
  <testcase name="getBeginIndex" classname="editor.SelectionImplTest" time="0.001"/>
  <testcase name="beginIndexShouldBeLowerThanEndIndex" classname="editor.SelectionImplTest" time="0.001"/>
  <testcase name="EndIndexShouldBeGreaterThan0" classname="editor.SelectionImplTest" time="0.001"/>
  <testcase name="setBeginIndex1" classname="editor.SelectionImplTest" time="0"/>
  <testcase name="setBeginIndex2" classname="editor.SelectionImplTest" time="0"/>
  <testcase name="setBeginIndex3" classname="editor.SelectionImplTest" time="0"/>
  <testcase name="selectionLengthShouldLesserOrEqualToBufferLength2" classname="editor.SelectionImplTest" time="0.001"/>
</testsuite>